<?xml version="1.0" encoding="UTF-8"?>
<testng-results ignored="0" total="1" passed="1" failed="0" skipped="0">
  <reporter-output>
    <line>
      <![CDATA[openBrowser]]>
    </line>
    <line>
      <![CDATA[login]]>
    </line>
    <line>
      <![CDATA[test]]>
    </line>
    <line>
      <![CDATA[logout]]>
    </line>
    <line>
      <![CDATA[closeBrowser]]>
    </line>
  </reporter-output>
  <suite started-at="2023-02-02T19:04:10 IST" name="Default suite" finished-at="2023-02-02T19:04:24 IST" duration-ms="14098">
    <groups>
    </groups>
    <test started-at="2023-02-02T19:04:10 IST" name="Default test" finished-at="2023-02-02T19:04:24 IST" duration-ms="14098">
      <class name="com.ZohoCRM.Testscript.CompaignCreating">
        <test-method is-config="true" signature="openbrowser()[pri:0, instance:com.ZohoCRM.Testscript.CompaignCreating@130161f7]" started-at="2023-02-02T19:04:10 IST" name="openbrowser" finished-at="2023-02-02T19:04:14 IST" duration-ms="3926" status="PASS">
          <reporter-output>
            <line>
              <![CDATA[openBrowser]]>
            </line>
          </reporter-output>
        </test-method> <!-- openbrowser -->
        <test-method is-config="true" signature="login()[pri:0, instance:com.ZohoCRM.Testscript.CompaignCreating@130161f7]" started-at="2023-02-02T19:04:14 IST" name="login" finished-at="2023-02-02T19:04:16 IST" duration-ms="2087" status="PASS">
          <reporter-output>
            <line>
              <![CDATA[login]]>
            </line>
          </reporter-output>
        </test-method> <!-- login -->
        <test-method signature="createcompaign()[pri:0, instance:com.ZohoCRM.Testscript.CompaignCreating@130161f7]" started-at="2023-02-02T19:04:16 IST" name="createcompaign" finished-at="2023-02-02T19:04:24 IST" duration-ms="7444" status="PASS">
          <reporter-output>
            <line>
              <![CDATA[test]]>
            </line>
          </reporter-output>
        </test-method> <!-- createcompaign -->
        <test-method is-config="true" signature="logout()[pri:0, instance:com.ZohoCRM.Testscript.CompaignCreating@130161f7]" started-at="2023-02-02T19:04:24 IST" name="logout" finished-at="2023-02-02T19:04:24 IST" duration-ms="317" status="PASS">
          <reporter-output>
            <line>
              <![CDATA[logout]]>
            </line>
          </reporter-output>
        </test-method> <!-- logout -->
        <test-method is-config="true" signature="closebrowser()[pri:0, instance:com.ZohoCRM.Testscript.CompaignCreating@130161f7]" started-at="2023-02-02T19:04:24 IST" name="closebrowser" finished-at="2023-02-02T19:04:24 IST" duration-ms="291" status="PASS">
          <reporter-output>
            <line>
              <![CDATA[closeBrowser]]>
            </line>
          </reporter-output>
        </test-method> <!-- closebrowser -->
      </class> <!-- com.ZohoCRM.Testscript.CompaignCreating -->
    </test> <!-- Default test -->
  </suite> <!-- Default suite -->
</testng-results>
